<?xml version="1.0" encoding="UTF-8"?>
<!-- Generated by org.testng.reporters.JUnitXMLReporter -->
<testsuite ignored="0" hostname="DESKTOP-NVBV6LU" failures="0" tests="3" name="HomePage_Test" time="8.269" errors="0" timestamp="2023-01-05T21:44:19 IST">
  <testcase classname="makemytrip_testcases.Home_Test" name="@BeforeTest glaunchURL" time="7.891">
    <failure type="org.openqa.selenium.NoSuchElementException" message="Cannot locate an element using xpath=//li[@class=&amp;apos;makeFlex hrtlCenter font10 makeRelative lhUser userLoggedOut&amp;apos;]
For documentation on this error, please visit: https://www.seleniumhq.org/exceptions/no_such_element.html
Build info: version: &amp;apos;3.141.59&amp;apos;, revision: &amp;apos;e82be7d358&amp;apos;, time: &amp;apos;2018-11-14T08:25:48&amp;apos;
System info: host: &amp;apos;DESKTOP-NVBV6LU&amp;apos;, ip: &amp;apos;192.168.0.104&amp;apos;, os.name: &amp;apos;Windows 10&amp;apos;, os.arch: &amp;apos;amd64&amp;apos;, os.version: &amp;apos;10.0&amp;apos;, java.version: &amp;apos;18.0.1&amp;apos;
Driver info: driver.version: RemoteWebDriver">
      <![CDATA[org.openqa.selenium.NoSuchElementException: Cannot locate an element using xpath=//li[@class='makeFlex hrtlCenter font10 makeRelative lhUser userLoggedOut']
For documentation on this error, please visit: https://www.seleniumhq.org/exceptions/no_such_element.html
Build info: version: '3.141.59', revision: 'e82be7d358', time: '2018-11-14T08:25:48'
System info: host: 'DESKTOP-NVBV6LU', ip: '192.168.0.104', os.name: 'Windows 10', os.arch: 'amd64', os.version: '10.0', java.version: '18.0.1'
Driver info: driver.version: RemoteWebDriver
at org.openqa.selenium.remote.RemoteWebDriver.findElement(RemoteWebDriver.java:327)
at org.openqa.selenium.remote.RemoteWebDriver.findElementByXPath(RemoteWebDriver.java:428)
at org.openqa.selenium.By$ByXPath.findElement(By.java:353)
at org.openqa.selenium.remote.RemoteWebDriver.findElement(RemoteWebDriver.java:315)
at base.BaseLibrary.launchURL(BaseLibrary.java:39)
at makemytrip_testcases.Home_Test.glaunchURL(Home_Test.java:17)
... Removed 22 stack frames]]>
    </failure>
  </testcase> <!-- @BeforeTest glaunchURL -->
  <testcase classname="makemytrip_testcases.Home_Test" name="@AfterTest quit" time="-1.672935259354E9">
    <skipped/>
  </testcase> <!-- @AfterTest quit -->
  <testcase classname="makemytrip_testcases.Home_Test" name="islogovisible" time="0.0">
    <skipped/>
  </testcase> <!-- islogovisible -->
  <testcase classname="makemytrip_testcases.Home_Test" name="verifySpecialOffer" time="0.0">
    <skipped/>
  </testcase> <!-- verifySpecialOffer -->
  <testcase classname="makemytrip_testcases.Home_Test" name="verifyIntroBiz" time="0.0">
    <skipped/>
  </testcase> <!-- verifyIntroBiz -->
</testsuite> <!-- HomePage_Test -->
